[debug] [2025-11-06T19:56:11.343Z] ----------------------------------------------------------------------
[debug] [2025-11-06T19:56:11.345Z] Command:       /nix/store/ws50yvm6vzlzf7jzz6n7xh4szddrack1-nodejs-20.19.1/bin/node /nix/store/f77kilzcw5hh2gidh22k6pj8cp7pxp7h-firebase-tools-14.22.0/lib/node_modules/firebase-tools/lib/bin/firebase.js init
[debug] [2025-11-06T19:56:11.346Z] CLI Version:   14.22.0
[debug] [2025-11-06T19:56:11.346Z] Platform:      linux
[debug] [2025-11-06T19:56:11.346Z] Node Version:  v20.19.1
[debug] [2025-11-06T19:56:11.346Z] Time:          Thu Nov 06 2025 19:56:11 GMT+0000 (Coordinated Universal Time)
[debug] [2025-11-06T19:56:11.346Z] ----------------------------------------------------------------------
[debug] 
[debug] [2025-11-06T19:56:11.349Z] >>> [apiv2][query] GET https://firebase-public.firebaseio.com/cli.json [none]
[debug] [2025-11-06T19:56:11.756Z] No OAuth tokens found
[debug] [2025-11-06T19:56:11.757Z] No OAuth tokens found
[error] Failed to fetch Firebase Project from current Studio Workspace: Unable to refresh auth: not yet authenticated.
[info] 
     ######## #### ########  ######## ########     ###     ######  ########
     ##        ##  ##     ## ##       ##     ##  ##   ##  ##       ##
     ######    ##  ########  ######   ########  #########  ######  ######
     ##        ##  ##    ##  ##       ##     ## ##     ##       ## ##
     ##       #### ##     ## ######## ########  ##     ##  ######  ########

You're about to initialize a Firebase project in this directory:

  /home/user/studio

Before we get started, keep in mind:

  * You are initializing within an existing Firebase project directory

[debug] [2025-11-06T19:56:12.856Z] <<< [apiv2][status] GET https://firebase-public.firebaseio.com/cli.json 200
[debug] [2025-11-06T19:56:12.857Z] <<< [apiv2][body] GET https://firebase-public.firebaseio.com/cli.json {"cloudBuildErrorAfter":1594252800000,"cloudBuildWarnAfter":1590019200000,"defaultNode10After":1594252800000,"minVersion":"3.0.5","node8DeploysDisabledAfter":1613390400000,"node8RuntimeDisabledAfter":1615809600000,"node8WarnAfter":1600128000000}
